<?xml version="1.0" encoding="UTF-8"?>
<!-- Generated by org.testng.reporters.JUnitReportReporter -->
<testsuite skipped="0" hostname="DESKTOP-QHSV56J" name="com.inetbanking.testCases.TC_LoginTest_001" tests="1" failures="0" timestamp="2023-02-01T12:16:50 IST" time="21.967" errors="0">
  <testcase name="loginTest" time="21.967" classname="com.inetbanking.testCases.TC_LoginTest_001"/>
  <system-out/>
</testsuite> <!-- com.inetbanking.testCases.TC_LoginTest_001 -->
