<?xml version="1.0" encoding="UTF-8"?>
<!-- Generated by org.testng.reporters.JUnitReportReporter -->
<testsuite skipped="0" hostname="DESKTOP-QHSV56J" name="com.inetbanking.testCases.TC_LoginTest_001" tests="1" failures="0" timestamp="2023-01-25T09:00:30 IST" time="9.157" errors="0">
  <testcase name="loginTest" time="9.157" classname="com.inetbanking.testCases.TC_LoginTest_001"/>
  <system-out/>
</testsuite> <!-- com.inetbanking.testCases.TC_LoginTest_001 -->
